TN:
SF:src/App.tsx
FN:6,App
FNF:1
FNH:0
FNDA:0,App
DA:1,0
DA:2,0
DA:3,0
DA:4,0
DA:6,0
DA:7,0
LF:6
LH:0
BRF:0
BRH:0
end_of_record
TN:
SF:src/vite-env.d.ts
FNF:0
FNH:0
LF:0
LH:0
BRF:0
BRH:0
end_of_record
TN:
SF:src/api/jobsClient.ts
FNF:0
FNH:0
DA:1,2
DA:2,2
DA:4,2
DA:6,2
DA:8,2
LF:5
LH:5
BRDA:9,0,0,1
BRDA:9,0,1,1
BRF:2
BRH:2
end_of_record
TN:
SF:src/api/prismaJobsClient.ts
FN:4,(anonymous_0)
FN:8,(anonymous_1)
FN:12,(anonymous_2)
FNF:3
FNH:2
FNDA:1,(anonymous_0)
FNDA:1,(anonymous_1)
FNDA:0,(anonymous_2)
DA:3,1
DA:5,1
DA:9,1
LF:3
LH:3
BRF:0
BRH:0
end_of_record
TN:
SF:src/api/supabaseClient.ts
FNF:0
FNH:0
DA:1,5
DA:2,5
DA:4,5
DA:5,5
DA:7,5
LF:5
LH:5
BRF:0
BRH:0
end_of_record
TN:
SF:src/api/supabaseJobsClient.ts
FN:5,(anonymous_0)
FN:12,(anonymous_1)
FN:18,(anonymous_2)
FN:24,fetchJobs
FNF:4
FNH:2
FNDA:1,(anonymous_0)
FNDA:0,(anonymous_1)
FNDA:0,(anonymous_2)
FNDA:1,fetchJobs
DA:1,5
DA:4,5
DA:6,1
DA:7,1
DA:8,1
DA:9,1
DA:13,0
DA:14,0
DA:15,0
DA:19,0
DA:20,0
DA:24,5
DA:25,1
LF:13
LH:8
BRDA:8,0,0,0
BRDA:8,0,1,1
BRDA:9,1,0,1
BRDA:9,1,1,0
BRDA:14,2,0,0
BRDA:14,2,1,0
BRDA:20,3,0,0
BRDA:20,3,1,0
BRF:8
BRH:2
end_of_record
TN:
SF:src/components/ActivateSearchButton.tsx
FN:3,ActivateSearchButton
FN:4,(anonymous_1)
FN:9,(anonymous_2)
FNF:3
FNH:2
FNDA:1,ActivateSearchButton
FNDA:1,(anonymous_1)
FNDA:0,(anonymous_2)
DA:1,2
DA:3,2
DA:4,1
DA:6,1
DA:9,0
LF:5
LH:4
BRF:0
BRH:0
end_of_record
TN:
SF:src/components/AppShell.tsx
FN:9,AppShell
FN:20,(anonymous_1)
FN:31,(anonymous_2)
FNF:3
FNH:3
FNDA:1,AppShell
FNDA:1,(anonymous_1)
FNDA:1,(anonymous_2)
DA:2,1
DA:3,1
DA:9,1
DA:10,1
DA:21,1
DA:32,1
LF:6
LH:6
BRDA:22,0,0,0
BRDA:22,0,1,1
BRDA:33,1,0,0
BRDA:33,1,1,1
BRF:4
BRH:2
end_of_record
TN:
SF:src/components/JobsTable.tsx
FN:5,JobsTable
FN:8,(anonymous_1)
FN:9,(anonymous_2)
FN:21,(anonymous_3)
FNF:4
FNH:4
FNDA:2,JobsTable
FNDA:1,(anonymous_1)
FNDA:1,(anonymous_2)
FNDA:2,(anonymous_3)
DA:1,1
DA:2,1
DA:5,1
DA:6,2
DA:8,2
DA:9,1
DA:10,1
DA:11,1
DA:14,1
DA:17,2
DA:22,2
LF:11
LH:11
BRF:0
BRH:0
end_of_record
TN:
SF:src/components/QueueListPanel.tsx
FN:4,QueueListPanel
FN:5,(anonymous_1)
FN:10,(anonymous_2)
FNF:3
FNH:3
FNDA:1,QueueListPanel
FNDA:1,(anonymous_1)
FNDA:2,(anonymous_2)
DA:1,1
DA:2,1
DA:4,1
DA:5,1
DA:6,1
DA:11,2
LF:6
LH:6
BRF:0
BRH:0
end_of_record
TN:
SF:src/components/SearchStatusBanner.tsx
FN:4,SearchStatusBanner
FN:5,(anonymous_2)
FN:6,(anonymous_3)
FN:17,(anonymous_4)
FNF:4
FNH:3
FNDA:1,SearchStatusBanner
FNDA:1,(anonymous_2)
FNDA:1,(anonymous_3)
FNDA:0,(anonymous_4)
DA:1,1
DA:2,1
DA:4,1
DA:5,1
DA:6,1
DA:8,1
DA:9,0
DA:11,1
DA:17,0
LF:9
LH:7
BRDA:8,0,0,0
BRDA:8,0,1,1
BRF:2
BRH:1
end_of_record
TN:
SF:src/components/StatusCard.tsx
FN:10,StatusCard
FNF:1
FNH:1
FNDA:1,StatusCard
DA:10,1
DA:11,1
LF:2
LH:2
BRDA:18,0,0,1
BRDA:18,0,1,1
BRF:2
BRH:2
end_of_record
TN:
SF:src/components/StatusCards.tsx
FN:13,StatusCards
FN:18,(anonymous_1)
FN:22,(anonymous_2)
FNF:3
FNH:2
FNDA:1,StatusCards
FNDA:1,(anonymous_1)
FNDA:0,(anonymous_2)
DA:1,1
DA:13,1
DA:14,1
DA:16,1
DA:19,1
DA:22,0
LF:6
LH:5
BRF:0
BRH:0
end_of_record
TN:
SF:src/components/ToastBanner.tsx
FN:11,ToastBanner
FN:17,(anonymous_1)
FN:20,(anonymous_2)
FNF:3
FNH:3
FNDA:1,ToastBanner
FNDA:1,(anonymous_1)
FNDA:1,(anonymous_2)
DA:1,1
DA:2,1
DA:11,1
DA:17,1
DA:18,1
DA:19,1
DA:20,1
DA:24,1
LF:8
LH:8
BRDA:15,0,0,0
BRDA:18,1,0,1
BRDA:18,1,1,0
BRDA:26,2,0,1
BRDA:26,2,1,1
BRF:5
BRH:3
end_of_record
TN:
SF:src/lib/env.jest.ts
FN:1,getEnv
FNF:1
FNH:1
FNDA:12,getEnv
DA:1,7
DA:2,12
LF:2
LH:2
BRDA:1,0,0,10
BRDA:2,1,0,12
BRDA:2,1,1,1
BRF:3
BRH:3
end_of_record
TN:
SF:src/lib/env.ts
FN:3,getEnv
FNF:1
FNH:0
FNDA:0,getEnv
DA:3,0
DA:4,0
LF:2
LH:0
BRDA:3,0,0,0
BRDA:4,1,0,0
BRDA:4,1,1,0
BRF:3
BRH:0
end_of_record
TN:
SF:src/pages/DashboardPage.tsx
FN:10,DashboardPage
FN:50,(anonymous_1)
FNF:2
FNH:2
FNDA:1,DashboardPage
FNDA:3,(anonymous_1)
DA:2,1
DA:10,1
DA:11,1
DA:29,1
DA:51,3
LF:5
LH:5
BRF:0
BRH:0
end_of_record
TN:
SF:src/pages/SettingsPage.tsx
FN:1,SettingsPage
FNF:1
FNH:1
FNDA:1,SettingsPage
DA:1,1
DA:2,1
LF:2
LH:2
BRF:0
BRH:0
end_of_record
TN:
SF:src/store/useAppStore.ts
FN:17,(anonymous_0)
FN:24,(anonymous_1)
FN:26,(anonymous_2)
FN:30,(anonymous_3)
FN:35,(anonymous_4)
FNF:5
FNH:4
FNDA:4,(anonymous_0)
FNDA:0,(anonymous_1)
FNDA:1,(anonymous_2)
FNDA:2,(anonymous_3)
FNDA:2,(anonymous_4)
DA:1,4
DA:2,4
DA:17,4
DA:24,0
DA:27,1
DA:28,1
DA:29,1
DA:30,2
DA:31,1
DA:35,2
DA:39,0
LF:11
LH:9
BRF:0
BRH:0
end_of_record
